<?xml version="1.0" encoding="UTF-8"?>
<coverage generated="1392030656">
  <project timestamp="1392030656">
    <package name="IBAN">
      <file name="/home/dennis/Projects/epg/Iban/library/IBAN/Autoloader.php">
        <class name="Autoloader" namespace="IBAN">
          <metrics methods="2" coveredmethods="0" conditionals="0" coveredconditionals="0" statements="21" coveredstatements="0" elements="23" coveredelements="0"/>
        </class>
        <line num="22" type="method" name="register" crap="2" count="0"/>
        <line num="23" type="stmt" count="0"/>
        <line num="24" type="stmt" count="0"/>
        <line num="25" type="stmt" count="0"/>
        <line num="26" type="stmt" count="0"/>
        <line num="27" type="stmt" count="0"/>
        <line num="28" type="stmt" count="0"/>
        <line num="29" type="stmt" count="0"/>
        <line num="37" type="method" name="autoload" crap="6" count="0"/>
        <line num="38" type="stmt" count="0"/>
        <line num="39" type="stmt" count="0"/>
        <line num="40" type="stmt" count="0"/>
        <line num="41" type="stmt" count="0"/>
        <line num="42" type="stmt" count="0"/>
        <line num="43" type="stmt" count="0"/>
        <line num="44" type="stmt" count="0"/>
        <line num="45" type="stmt" count="0"/>
        <line num="46" type="stmt" count="0"/>
        <line num="47" type="stmt" count="0"/>
        <line num="49" type="stmt" count="0"/>
        <line num="50" type="stmt" count="0"/>
        <metrics loc="51" ncloc="32" classes="1" methods="2" coveredmethods="0" conditionals="0" coveredconditionals="0" statements="21" coveredstatements="0" elements="23" coveredelements="0"/>
      </file>
    </package>
    <package name="IBAN\Core">
      <file name="/home/dennis/Projects/epg/Iban/library/IBAN/Core/Constants.php">
        <class name="Constants" namespace="IBAN\Core">
          <metrics methods="0" coveredmethods="0" conditionals="0" coveredconditionals="0" statements="0" coveredstatements="0" elements="0" coveredelements="0"/>
        </class>
        <line num="101" type="stmt" count="1"/>
        <metrics loc="100" ncloc="91" classes="1" methods="0" coveredmethods="0" conditionals="0" coveredconditionals="0" statements="0" coveredstatements="0" elements="0" coveredelements="0"/>
      </file>
      <file name="/home/dennis/Projects/epg/Iban/library/IBAN/Core/IBAN.php">
        <class name="IBAN" namespace="IBAN\Core">
          <metrics methods="15" coveredmethods="15" conditionals="0" coveredconditionals="0" statements="48" coveredstatements="48" elements="63" coveredelements="63"/>
        </class>
        <line num="17" type="method" name="__construct" crap="1" count="6"/>
        <line num="19" type="stmt" count="6"/>
        <line num="20" type="stmt" count="6"/>
        <line num="22" type="method" name="validate" crap="5" count="1"/>
        <line num="24" type="stmt" count="1"/>
        <line num="25" type="stmt" count="1"/>
        <line num="26" type="stmt" count="1"/>
        <line num="27" type="stmt" count="1"/>
        <line num="28" type="stmt" count="1"/>
        <line num="29" type="stmt" count="1"/>
        <line num="30" type="stmt" count="1"/>
        <line num="31" type="stmt" count="1"/>
        <line num="33" type="stmt" count="1"/>
        <line num="37" type="method" name="format" crap="1" count="1"/>
        <line num="39" type="stmt" count="1"/>
        <line num="40" type="stmt" count="1"/>
        <line num="41" type="stmt" count="1"/>
        <line num="42" type="stmt" count="1"/>
        <line num="43" type="stmt" count="1"/>
        <line num="44" type="stmt" count="1"/>
        <line num="45" type="stmt" count="1"/>
        <line num="46" type="stmt" count="1"/>
        <line num="47" type="stmt" count="1"/>
        <line num="50" type="method" name="getLocaleCode" crap="1" count="3"/>
        <line num="52" type="stmt" count="3"/>
        <line num="55" type="method" name="getChecksum" crap="1" count="3"/>
        <line num="57" type="stmt" count="3"/>
        <line num="60" type="method" name="getAccountIdentification" crap="1" count="1"/>
        <line num="62" type="stmt" count="1"/>
        <line num="65" type="method" name="getInstituteIdentification" crap="1" count="2"/>
        <line num="67" type="stmt" count="2"/>
        <line num="70" type="method" name="getBankAccountNumber" crap="1" count="2"/>
        <line num="72" type="stmt" count="2"/>
        <line num="75" type="method" name="isLengthValid" crap="2" count="1"/>
        <line num="77" type="stmt" count="1"/>
        <line num="80" type="method" name="isLocalCodeValid" crap="1" count="1"/>
        <line num="82" type="stmt" count="1"/>
        <line num="84" type="stmt" count="1"/>
        <line num="87" type="method" name="isFormatValid" crap="1" count="1"/>
        <line num="89" type="stmt" count="1"/>
        <line num="90" type="stmt" count="1"/>
        <line num="92" type="stmt" count="1"/>
        <line num="95" type="method" name="isChecksumValid" crap="1" count="1"/>
        <line num="97" type="stmt" count="1"/>
        <line num="98" type="stmt" count="1"/>
        <line num="99" type="stmt" count="1"/>
        <line num="100" type="stmt" count="1"/>
        <line num="101" type="stmt" count="1"/>
        <line num="102" type="stmt" count="1"/>
        <line num="104" type="stmt" count="1"/>
        <line num="107" type="method" name="getNumericLocaleCode" crap="1" count="1"/>
        <line num="109" type="stmt" count="1"/>
        <line num="112" type="method" name="getNumericAccountIdentification" crap="1" count="1"/>
        <line num="114" type="stmt" count="1"/>
        <line num="117" type="method" name="getNumericRepresentation" crap="3" count="1"/>
        <line num="119" type="stmt" count="1"/>
        <line num="120" type="stmt" count="1"/>
        <line num="121" type="stmt" count="1"/>
        <line num="122" type="stmt" count="1"/>
        <line num="123" type="stmt" count="1"/>
        <line num="124" type="stmt" count="1"/>
        <line num="126" type="stmt" count="1"/>
        <line num="128" type="stmt" count="1"/>
        <line num="131" type="stmt" count="1"/>
        <metrics loc="130" ncloc="121" classes="1" methods="15" coveredmethods="15" conditionals="0" coveredconditionals="0" statements="48" coveredstatements="48" elements="63" coveredelements="63"/>
      </file>
    </package>
    <package name="IBAN\Generation">
      <file name="/home/dennis/Projects/epg/Iban/library/IBAN/Generation/IBANGenerator.php">
        <class name="IBANGenerator" namespace="IBAN\Generation">
          <metrics methods="6" coveredmethods="6" conditionals="0" coveredconditionals="0" statements="20" coveredstatements="18" elements="26" coveredelements="24"/>
        </class>
        <line num="0" type="stmt" count="3"/>
        <line num="21" type="method" name="DE" crap="1" count="54"/>
        <line num="23" type="stmt" count="54"/>
        <line num="24" type="stmt" count="54"/>
        <line num="27" type="method" name="NL" crap="1" count="1"/>
        <line num="29" type="stmt" count="1"/>
        <line num="30" type="stmt" count="1"/>
        <line num="33" type="method" name="MT" crap="1" count="1"/>
        <line num="35" type="stmt" count="1"/>
        <line num="36" type="stmt" count="1"/>
        <line num="39" type="method" name="__construct" crap="1" count="57"/>
        <line num="41" type="stmt" count="57"/>
        <line num="42" type="stmt" count="57"/>
        <line num="44" type="method" name="generate" crap="3.14" count="2"/>
        <line num="46" type="stmt" count="2"/>
        <line num="47" type="stmt" count="2"/>
        <line num="49" type="stmt" count="2"/>
        <line num="50" type="stmt" count="0"/>
        <line num="51" type="stmt" count="2"/>
        <line num="52" type="stmt" count="0"/>
        <line num="55" type="stmt" count="2"/>
        <line num="57" type="stmt" count="2"/>
        <line num="60" type="method" name="normalize" crap="1" count="56"/>
        <line num="62" type="stmt" count="56"/>
        <line num="63" type="stmt" count="56"/>
        <line num="64" type="stmt" count="56"/>
        <line num="66" type="stmt" count="56"/>
        <line num="69" type="stmt" count="1"/>
        <metrics loc="68" ncloc="59" classes="1" methods="6" coveredmethods="5" conditionals="0" coveredconditionals="0" statements="20" coveredstatements="18" elements="26" coveredelements="23"/>
      </file>
      <file name="/home/dennis/Projects/epg/Iban/library/IBAN/Generation/IBANGeneratorDE.php">
        <class name="IBANGeneratorDE" namespace="IBAN\Generation">
          <metrics methods="2" coveredmethods="2" conditionals="0" coveredconditionals="0" statements="14" coveredstatements="14" elements="16" coveredelements="16"/>
        </class>
        <line num="0" type="stmt" count="49"/>
        <line num="21" type="method" name="__construct" crap="1" count="54"/>
        <line num="23" type="stmt" count="54"/>
        <line num="24" type="stmt" count="54"/>
        <line num="25" type="stmt" count="54"/>
        <line num="27" type="method" name="generate" crap="3" count="54"/>
        <line num="29" type="stmt" count="54"/>
        <line num="30" type="stmt" count="54"/>
        <line num="32" type="stmt" count="54"/>
        <line num="33" type="stmt" count="1"/>
        <line num="34" type="stmt" count="53"/>
        <line num="35" type="stmt" count="1"/>
        <line num="38" type="stmt" count="52"/>
        <line num="39" type="stmt" count="52"/>
        <line num="40" type="stmt" count="52"/>
        <line num="46" type="stmt" count="52"/>
        <line num="48" type="stmt" count="52"/>
        <line num="51" type="stmt" count="1"/>
        <metrics loc="50" ncloc="35" classes="1" methods="2" coveredmethods="2" conditionals="0" coveredconditionals="0" statements="14" coveredstatements="14" elements="16" coveredelements="16"/>
      </file>
      <file name="/home/dennis/Projects/epg/Iban/library/IBAN/Generation/IBANGeneratorMT.php">
        <class name="IBANGeneratorMT" namespace="IBAN\Generation">
          <metrics methods="1" coveredmethods="1" conditionals="0" coveredconditionals="0" statements="2" coveredstatements="2" elements="3" coveredelements="3"/>
        </class>
        <line num="19" type="method" name="__construct" crap="1" count="1"/>
        <line num="21" type="stmt" count="1"/>
        <line num="22" type="stmt" count="1"/>
        <line num="24" type="stmt" count="1"/>
        <metrics loc="23" ncloc="14" classes="1" methods="1" coveredmethods="1" conditionals="0" coveredconditionals="0" statements="2" coveredstatements="2" elements="3" coveredelements="3"/>
      </file>
      <file name="/home/dennis/Projects/epg/Iban/library/IBAN/Generation/IBANGeneratorNL.php">
        <class name="IBANGeneratorNL" namespace="IBAN\Generation">
          <metrics methods="1" coveredmethods="1" conditionals="0" coveredconditionals="0" statements="2" coveredstatements="2" elements="3" coveredelements="3"/>
        </class>
        <line num="19" type="method" name="__construct" crap="1" count="1"/>
        <line num="21" type="stmt" count="1"/>
        <line num="22" type="stmt" count="1"/>
        <line num="24" type="stmt" count="1"/>
        <metrics loc="23" ncloc="14" classes="1" methods="1" coveredmethods="1" conditionals="0" coveredconditionals="0" statements="2" coveredstatements="2" elements="3" coveredelements="3"/>
      </file>
    </package>
    <package name="IBAN\Rule">
      <file name="/home/dennis/Projects/epg/Iban/library/IBAN/Rule/AbstractRule.php">
        <class name="AbstractRule" namespace="IBAN\Rule">
          <metrics methods="1" coveredmethods="0" conditionals="0" coveredconditionals="0" statements="0" coveredstatements="0" elements="1" coveredelements="0"/>
        </class>
        <line num="15" type="method" name="generateIban" crap="1" count="0"/>
        <line num="17" type="stmt" count="1"/>
        <metrics loc="16" ncloc="7" classes="1" methods="0" coveredmethods="0" conditionals="0" coveredconditionals="0" statements="0" coveredstatements="0" elements="0" coveredelements="0"/>
      </file>
      <file name="/home/dennis/Projects/epg/Iban/library/IBAN/Rule/RuleFactory.php">
        <class name="RuleFactory" namespace="IBAN\Rule">
          <metrics methods="6" coveredmethods="6" conditionals="0" coveredconditionals="0" statements="18" coveredstatements="15" elements="24" coveredelements="21"/>
        </class>
        <line num="0" type="stmt" count="1"/>
        <line num="21" type="method" name="DE" crap="1" count="55"/>
        <line num="23" type="stmt" count="55"/>
        <line num="26" type="method" name="NL" crap="1" count="1"/>
        <line num="28" type="stmt" count="1"/>
        <line num="31" type="method" name="MT" crap="1" count="1"/>
        <line num="33" type="stmt" count="1"/>
        <line num="36" type="method" name="__construct" crap="2" count="58"/>
        <line num="38" type="stmt" count="58"/>
        <line num="39" type="stmt" count="58"/>
        <line num="40" type="stmt" count="58"/>
        <line num="41" type="stmt" count="58"/>
        <line num="43" type="method" name="createIbanRule" crap="2.02" count="54"/>
        <line num="45" type="stmt" count="54"/>
        <line num="46" type="stmt" count="54"/>
        <line num="48" type="stmt" count="54"/>
        <line num="49" type="stmt" count="54"/>
        <line num="50" type="stmt" count="54"/>
        <line num="52" type="stmt" count="0"/>
        <line num="56" type="method" name="isLocaleCodeValid" crap="3.58" count="58"/>
        <line num="58" type="stmt" count="58"/>
        <line num="59" type="stmt" count="0"/>
        <line num="61" type="stmt" count="58"/>
        <line num="62" type="stmt" count="0"/>
        <line num="64" type="stmt" count="58"/>
        <line num="69" type="stmt" count="1"/>
        <metrics loc="68" ncloc="59" classes="1" methods="6" coveredmethods="4" conditionals="0" coveredconditionals="0" statements="18" coveredstatements="15" elements="24" coveredelements="19"/>
      </file>
    </package>
    <package name="IBAN\Rule\DE">
      <file name="/home/dennis/Projects/epg/Iban/library/IBAN/Rule/DE/Rule000000.php">
        <class name="Rule000000" namespace="IBAN\Rule\DE">
          <metrics methods="15" coveredmethods="15" conditionals="0" coveredconditionals="0" statements="47" coveredstatements="47" elements="62" coveredelements="62"/>
        </class>
        <line num="25" type="method" name="__construct" crap="1" count="53"/>
        <line num="27" type="stmt" count="53"/>
        <line num="28" type="stmt" count="53"/>
        <line num="29" type="stmt" count="53"/>
        <line num="30" type="stmt" count="53"/>
        <line num="32" type="method" name="generateIban" crap="1" count="51"/>
        <line num="34" type="stmt" count="51"/>
        <line num="35" type="stmt" count="51"/>
        <line num="36" type="stmt" count="51"/>
        <line num="37" type="stmt" count="51"/>
        <line num="38" type="stmt" count="51"/>
        <line num="40" type="stmt" count="51"/>
        <line num="41" type="stmt" count="51"/>
        <line num="44" type="method" name="getNumericRepresentation" crap="3" count="51"/>
        <line num="46" type="stmt" count="51"/>
        <line num="47" type="stmt" count="51"/>
        <line num="48" type="stmt" count="51"/>
        <line num="49" type="stmt" count="51"/>
        <line num="50" type="stmt" count="51"/>
        <line num="51" type="stmt" count="51"/>
        <line num="53" type="stmt" count="51"/>
        <line num="55" type="stmt" count="51"/>
        <line num="58" type="method" name="generateChecksum" crap="2" count="51"/>
        <line num="60" type="stmt" count="51"/>
        <line num="61" type="stmt" count="51"/>
        <line num="62" type="stmt" count="51"/>
        <line num="63" type="stmt" count="12"/>
        <line num="64" type="stmt" count="12"/>
        <line num="66" type="stmt" count="51"/>
        <line num="69" type="method" name="instituteIdentificationEquals" crap="1" count="4"/>
        <line num="71" type="stmt" count="4"/>
        <line num="72" type="stmt" count="4"/>
        <line num="75" type="method" name="bankAccountNumberEquals" crap="1" count="5"/>
        <line num="77" type="stmt" count="5"/>
        <line num="78" type="stmt" count="5"/>
        <line num="81" type="method" name="getLocalCodeNormalizePrefix" crap="1" count="51"/>
        <line num="83" type="stmt" count="51"/>
        <line num="86" type="method" name="getInstituteIdentificationLength" crap="1" count="51"/>
        <line num="88" type="stmt" count="51"/>
        <line num="91" type="method" name="getBankAccountNumberLength" crap="1" count="51"/>
        <line num="93" type="stmt" count="51"/>
        <line num="96" type="method" name="getInvertedIban" crap="1" count="51"/>
        <line num="98" type="stmt" count="51"/>
        <line num="99" type="stmt" count="51"/>
        <line num="102" type="method" name="normalizeLocaleCode" crap="1" count="51"/>
        <line num="104" type="stmt" count="51"/>
        <line num="107" type="method" name="normalizeInstituteIdentification" crap="1" count="51"/>
        <line num="109" type="stmt" count="51"/>
        <line num="110" type="stmt" count="51"/>
        <line num="113" type="method" name="normalizeBankAccountNumber" crap="1" count="51"/>
        <line num="115" type="stmt" count="51"/>
        <line num="116" type="stmt" count="51"/>
        <line num="119" type="method" name="substituteInstituteIdentifications" crap="2" count="51"/>
        <line num="121" type="stmt" count="51"/>
        <line num="122" type="stmt" count="6"/>
        <line num="123" type="stmt" count="6"/>
        <line num="124" type="stmt" count="51"/>
        <line num="126" type="method" name="substituteBankAccountNumbers" crap="2" count="51"/>
        <line num="128" type="stmt" count="51"/>
        <line num="129" type="stmt" count="17"/>
        <line num="130" type="stmt" count="17"/>
        <line num="131" type="stmt" count="51"/>
        <line num="133" type="stmt" count="1"/>
        <metrics loc="132" ncloc="123" classes="1" methods="15" coveredmethods="15" conditionals="0" coveredconditionals="0" statements="47" coveredstatements="47" elements="62" coveredelements="62"/>
      </file>
      <file name="/home/dennis/Projects/epg/Iban/library/IBAN/Rule/DE/Rule000100.php">
        <class name="Rule000100" namespace="IBAN\Rule\DE">
          <metrics methods="1" coveredmethods="1" conditionals="0" coveredconditionals="0" statements="1" coveredstatements="1" elements="2" coveredelements="2"/>
        </class>
        <line num="15" type="method" name="generateIban" crap="1" count="1"/>
        <line num="17" type="stmt" count="1"/>
        <line num="20" type="stmt" count="1"/>
        <metrics loc="19" ncloc="10" classes="1" methods="1" coveredmethods="1" conditionals="0" coveredconditionals="0" statements="1" coveredstatements="1" elements="2" coveredelements="2"/>
      </file>
      <file name="/home/dennis/Projects/epg/Iban/library/IBAN/Rule/DE/Rule000200.php">
        <class name="Rule000200" namespace="IBAN\Rule\DE">
          <metrics methods="1" coveredmethods="1" conditionals="0" coveredconditionals="0" statements="5" coveredstatements="5" elements="6" coveredelements="6"/>
        </class>
        <line num="15" type="method" name="generateIban" crap="3" count="3"/>
        <line num="17" type="stmt" count="3"/>
        <line num="18" type="stmt" count="3"/>
        <line num="19" type="stmt" count="3"/>
        <line num="20" type="stmt" count="1"/>
        <line num="22" type="stmt" count="3"/>
        <line num="26" type="stmt" count="1"/>
        <metrics loc="25" ncloc="16" classes="1" methods="1" coveredmethods="1" conditionals="0" coveredconditionals="0" statements="5" coveredstatements="5" elements="6" coveredelements="6"/>
      </file>
      <file name="/home/dennis/Projects/epg/Iban/library/IBAN/Rule/DE/Rule000300.php">
        <class name="Rule000300" namespace="IBAN\Rule\DE">
          <metrics methods="1" coveredmethods="1" conditionals="0" coveredconditionals="0" statements="3" coveredstatements="3" elements="4" coveredelements="4"/>
        </class>
        <line num="15" type="method" name="generateIban" crap="2" count="2"/>
        <line num="17" type="stmt" count="2"/>
        <line num="18" type="stmt" count="1"/>
        <line num="20" type="stmt" count="2"/>
        <line num="24" type="stmt" count="1"/>
        <metrics loc="23" ncloc="14" classes="1" methods="1" coveredmethods="1" conditionals="0" coveredconditionals="0" statements="3" coveredstatements="3" elements="4" coveredelements="4"/>
      </file>
      <file name="/home/dennis/Projects/epg/Iban/library/IBAN/Rule/DE/Rule000400.php">
        <class name="Rule000400" namespace="IBAN\Rule\DE">
          <metrics methods="0" coveredmethods="0" conditionals="0" coveredconditionals="0" statements="0" coveredstatements="0" elements="0" coveredelements="0"/>
        </class>
        <line num="28" type="stmt" count="1"/>
        <metrics loc="27" ncloc="18" classes="1" methods="0" coveredmethods="0" conditionals="0" coveredconditionals="0" statements="0" coveredstatements="0" elements="0" coveredelements="0"/>
      </file>
      <file name="/home/dennis/Projects/epg/Iban/library/IBAN/Rule/DE/Rule000502.php">
        <class name="Rule000502" namespace="IBAN\Rule\DE">
          <metrics methods="2" coveredmethods="2" conditionals="0" coveredconditionals="0" statements="230" coveredstatements="228" elements="232" coveredelements="230"/>
        </class>
        <line num="14" type="method" name="__construct" crap="2" count="1"/>
        <line num="17" type="stmt" count="1"/>
        <line num="18" type="stmt" count="1"/>
        <line num="19" type="stmt" count="1"/>
        <line num="20" type="stmt" count="1"/>
        <line num="21" type="stmt" count="1"/>
        <line num="22" type="stmt" count="1"/>
        <line num="23" type="stmt" count="1"/>
        <line num="24" type="stmt" count="1"/>
        <line num="25" type="stmt" count="1"/>
        <line num="26" type="stmt" count="1"/>
        <line num="27" type="stmt" count="1"/>
        <line num="28" type="stmt" count="1"/>
        <line num="29" type="stmt" count="1"/>
        <line num="30" type="stmt" count="1"/>
        <line num="31" type="stmt" count="1"/>
        <line num="32" type="stmt" count="1"/>
        <line num="33" type="stmt" count="1"/>
        <line num="34" type="stmt" count="1"/>
        <line num="35" type="stmt" count="1"/>
        <line num="36" type="stmt" count="1"/>
        <line num="37" type="stmt" count="1"/>
        <line num="38" type="stmt" count="1"/>
        <line num="39" type="stmt" count="1"/>
        <line num="40" type="stmt" count="1"/>
        <line num="41" type="stmt" count="1"/>
        <line num="42" type="stmt" count="1"/>
        <line num="43" type="stmt" count="1"/>
        <line num="44" type="stmt" count="1"/>
        <line num="45" type="stmt" count="1"/>
        <line num="46" type="stmt" count="1"/>
        <line num="47" type="stmt" count="1"/>
        <line num="48" type="stmt" count="1"/>
        <line num="49" type="stmt" count="1"/>
        <line num="50" type="stmt" count="1"/>
        <line num="51" type="stmt" count="1"/>
        <line num="52" type="stmt" count="1"/>
        <line num="53" type="stmt" count="1"/>
        <line num="54" type="stmt" count="1"/>
        <line num="55" type="stmt" count="1"/>
        <line num="56" type="stmt" count="1"/>
        <line num="57" type="stmt" count="1"/>
        <line num="58" type="stmt" count="1"/>
        <line num="59" type="stmt" count="1"/>
        <line num="60" type="stmt" count="1"/>
        <line num="61" type="stmt" count="1"/>
        <line num="62" type="stmt" count="1"/>
        <line num="63" type="stmt" count="1"/>
        <line num="64" type="stmt" count="1"/>
        <line num="65" type="stmt" count="1"/>
        <line num="66" type="stmt" count="1"/>
        <line num="67" type="stmt" count="1"/>
        <line num="68" type="stmt" count="1"/>
        <line num="69" type="stmt" count="1"/>
        <line num="70" type="stmt" count="1"/>
        <line num="71" type="stmt" count="1"/>
        <line num="72" type="stmt" count="1"/>
        <line num="73" type="stmt" count="1"/>
        <line num="74" type="stmt" count="1"/>
        <line num="75" type="stmt" count="1"/>
        <line num="76" type="stmt" count="1"/>
        <line num="77" type="stmt" count="1"/>
        <line num="78" type="stmt" count="1"/>
        <line num="79" type="stmt" count="1"/>
        <line num="80" type="stmt" count="1"/>
        <line num="81" type="stmt" count="1"/>
        <line num="82" type="stmt" count="1"/>
        <line num="83" type="stmt" count="1"/>
        <line num="84" type="stmt" count="1"/>
        <line num="85" type="stmt" count="1"/>
        <line num="86" type="stmt" count="1"/>
        <line num="87" type="stmt" count="1"/>
        <line num="88" type="stmt" count="1"/>
        <line num="89" type="stmt" count="1"/>
        <line num="90" type="stmt" count="1"/>
        <line num="91" type="stmt" count="1"/>
        <line num="92" type="stmt" count="1"/>
        <line num="93" type="stmt" count="1"/>
        <line num="94" type="stmt" count="1"/>
        <line num="95" type="stmt" count="1"/>
        <line num="96" type="stmt" count="1"/>
        <line num="97" type="stmt" count="1"/>
        <line num="98" type="stmt" count="1"/>
        <line num="99" type="stmt" count="1"/>
        <line num="100" type="stmt" count="1"/>
        <line num="101" type="stmt" count="1"/>
        <line num="102" type="stmt" count="1"/>
        <line num="103" type="stmt" count="1"/>
        <line num="104" type="stmt" count="1"/>
        <line num="105" type="stmt" count="1"/>
        <line num="106" type="stmt" count="1"/>
        <line num="107" type="stmt" count="1"/>
        <line num="108" type="stmt" count="1"/>
        <line num="109" type="stmt" count="1"/>
        <line num="110" type="stmt" count="1"/>
        <line num="111" type="stmt" count="1"/>
        <line num="113" type="stmt" count="1"/>
        <line num="115" type="stmt" count="1"/>
        <line num="116" type="stmt" count="0"/>
        <line num="117" type="stmt" count="0"/>
        <line num="119" type="stmt" count="1"/>
        <line num="120" type="stmt" count="1"/>
        <line num="121" type="method" name="generateIban" crap="5" count="1"/>
        <line num="124" type="stmt" count="1"/>
        <line num="125" type="stmt" count="1"/>
        <line num="126" type="stmt" count="1"/>
        <line num="127" type="stmt" count="1"/>
        <line num="128" type="stmt" count="1"/>
        <line num="129" type="stmt" count="1"/>
        <line num="130" type="stmt" count="1"/>
        <line num="131" type="stmt" count="1"/>
        <line num="132" type="stmt" count="1"/>
        <line num="133" type="stmt" count="1"/>
        <line num="134" type="stmt" count="1"/>
        <line num="135" type="stmt" count="1"/>
        <line num="136" type="stmt" count="1"/>
        <line num="137" type="stmt" count="1"/>
        <line num="138" type="stmt" count="1"/>
        <line num="139" type="stmt" count="1"/>
        <line num="140" type="stmt" count="1"/>
        <line num="141" type="stmt" count="1"/>
        <line num="142" type="stmt" count="1"/>
        <line num="143" type="stmt" count="1"/>
        <line num="144" type="stmt" count="1"/>
        <line num="145" type="stmt" count="1"/>
        <line num="146" type="stmt" count="1"/>
        <line num="147" type="stmt" count="1"/>
        <line num="148" type="stmt" count="1"/>
        <line num="149" type="stmt" count="1"/>
        <line num="150" type="stmt" count="1"/>
        <line num="151" type="stmt" count="1"/>
        <line num="152" type="stmt" count="1"/>
        <line num="153" type="stmt" count="1"/>
        <line num="154" type="stmt" count="1"/>
        <line num="155" type="stmt" count="1"/>
        <line num="156" type="stmt" count="1"/>
        <line num="157" type="stmt" count="1"/>
        <line num="158" type="stmt" count="1"/>
        <line num="159" type="stmt" count="1"/>
        <line num="160" type="stmt" count="1"/>
        <line num="161" type="stmt" count="1"/>
        <line num="162" type="stmt" count="1"/>
        <line num="163" type="stmt" count="1"/>
        <line num="164" type="stmt" count="1"/>
        <line num="165" type="stmt" count="1"/>
        <line num="166" type="stmt" count="1"/>
        <line num="167" type="stmt" count="1"/>
        <line num="168" type="stmt" count="1"/>
        <line num="169" type="stmt" count="1"/>
        <line num="170" type="stmt" count="1"/>
        <line num="171" type="stmt" count="1"/>
        <line num="172" type="stmt" count="1"/>
        <line num="173" type="stmt" count="1"/>
        <line num="174" type="stmt" count="1"/>
        <line num="175" type="stmt" count="1"/>
        <line num="176" type="stmt" count="1"/>
        <line num="177" type="stmt" count="1"/>
        <line num="178" type="stmt" count="1"/>
        <line num="179" type="stmt" count="1"/>
        <line num="180" type="stmt" count="1"/>
        <line num="181" type="stmt" count="1"/>
        <line num="182" type="stmt" count="1"/>
        <line num="183" type="stmt" count="1"/>
        <line num="184" type="stmt" count="1"/>
        <line num="185" type="stmt" count="1"/>
        <line num="186" type="stmt" count="1"/>
        <line num="187" type="stmt" count="1"/>
        <line num="188" type="stmt" count="1"/>
        <line num="189" type="stmt" count="1"/>
        <line num="190" type="stmt" count="1"/>
        <line num="191" type="stmt" count="1"/>
        <line num="192" type="stmt" count="1"/>
        <line num="193" type="stmt" count="1"/>
        <line num="194" type="stmt" count="1"/>
        <line num="195" type="stmt" count="1"/>
        <line num="196" type="stmt" count="1"/>
        <line num="197" type="stmt" count="1"/>
        <line num="198" type="stmt" count="1"/>
        <line num="199" type="stmt" count="1"/>
        <line num="200" type="stmt" count="1"/>
        <line num="201" type="stmt" count="1"/>
        <line num="202" type="stmt" count="1"/>
        <line num="203" type="stmt" count="1"/>
        <line num="204" type="stmt" count="1"/>
        <line num="205" type="stmt" count="1"/>
        <line num="206" type="stmt" count="1"/>
        <line num="207" type="stmt" count="1"/>
        <line num="208" type="stmt" count="1"/>
        <line num="209" type="stmt" count="1"/>
        <line num="210" type="stmt" count="1"/>
        <line num="211" type="stmt" count="1"/>
        <line num="212" type="stmt" count="1"/>
        <line num="213" type="stmt" count="1"/>
        <line num="214" type="stmt" count="1"/>
        <line num="215" type="stmt" count="1"/>
        <line num="216" type="stmt" count="1"/>
        <line num="217" type="stmt" count="1"/>
        <line num="218" type="stmt" count="1"/>
        <line num="219" type="stmt" count="1"/>
        <line num="220" type="stmt" count="1"/>
        <line num="221" type="stmt" count="1"/>
        <line num="222" type="stmt" count="1"/>
        <line num="223" type="stmt" count="1"/>
        <line num="224" type="stmt" count="1"/>
        <line num="225" type="stmt" count="1"/>
        <line num="226" type="stmt" count="1"/>
        <line num="227" type="stmt" count="1"/>
        <line num="228" type="stmt" count="1"/>
        <line num="229" type="stmt" count="1"/>
        <line num="230" type="stmt" count="1"/>
        <line num="231" type="stmt" count="1"/>
        <line num="232" type="stmt" count="1"/>
        <line num="233" type="stmt" count="1"/>
        <line num="234" type="stmt" count="1"/>
        <line num="236" type="stmt" count="1"/>
        <line num="238" type="stmt" count="1"/>
        <line num="239" type="stmt" count="1"/>
        <line num="240" type="stmt" count="1"/>
        <line num="241" type="stmt" count="1"/>
        <line num="245" type="stmt" count="1"/>
        <line num="246" type="stmt" count="1"/>
        <line num="247" type="stmt" count="1"/>
        <line num="248" type="stmt" count="1"/>
        <line num="249" type="stmt" count="1"/>
        <line num="250" type="stmt" count="1"/>
        <line num="251" type="stmt" count="1"/>
        <line num="252" type="stmt" count="1"/>
        <line num="253" type="stmt" count="1"/>
        <line num="255" type="stmt" count="1"/>
        <line num="257" type="stmt" count="1"/>
        <line num="258" type="stmt" count="1"/>
        <line num="261" type="stmt" count="1"/>
        <line num="264" type="stmt" count="1"/>
        <metrics loc="263" ncloc="251" classes="1" methods="2" coveredmethods="1" conditionals="0" coveredconditionals="0" statements="230" coveredstatements="228" elements="232" coveredelements="229"/>
      </file>
      <file name="/home/dennis/Projects/epg/Iban/library/IBAN/Rule/DE/Rule000600.php">
        <class name="Rule000600" namespace="IBAN\Rule\DE">
          <metrics methods="0" coveredmethods="0" conditionals="0" coveredconditionals="0" statements="0" coveredstatements="0" elements="0" coveredelements="0"/>
        </class>
        <line num="22" type="stmt" count="1"/>
        <metrics loc="21" ncloc="12" classes="1" methods="0" coveredmethods="0" conditionals="0" coveredconditionals="0" statements="0" coveredstatements="0" elements="0" coveredelements="0"/>
      </file>
      <file name="/home/dennis/Projects/epg/Iban/library/IBAN/Rule/DE/Rule000700.php">
        <class name="Rule000700" namespace="IBAN\Rule\DE">
          <metrics methods="0" coveredmethods="0" conditionals="0" coveredconditionals="0" statements="0" coveredstatements="0" elements="0" coveredelements="0"/>
        </class>
        <line num="51" type="stmt" count="1"/>
        <metrics loc="50" ncloc="41" classes="1" methods="0" coveredmethods="0" conditionals="0" coveredconditionals="0" statements="0" coveredstatements="0" elements="0" coveredelements="0"/>
      </file>
      <file name="/home/dennis/Projects/epg/Iban/library/IBAN/Rule/DE/Rule000800.php">
        <class name="Rule000800" namespace="IBAN\Rule\DE">
          <metrics methods="1" coveredmethods="1" conditionals="0" coveredconditionals="0" statements="2" coveredstatements="2" elements="3" coveredelements="3"/>
        </class>
        <line num="15" type="method" name="__construct" crap="1" count="1"/>
        <line num="17" type="stmt" count="1"/>
        <line num="18" type="stmt" count="1"/>
        <line num="20" type="stmt" count="1"/>
        <metrics loc="19" ncloc="10" classes="1" methods="1" coveredmethods="1" conditionals="0" coveredconditionals="0" statements="2" coveredstatements="2" elements="3" coveredelements="3"/>
      </file>
      <file name="/home/dennis/Projects/epg/Iban/library/IBAN/Rule/DE/Rule000900.php">
        <class name="Rule000900" namespace="IBAN\Rule\DE">
          <metrics methods="1" coveredmethods="1" conditionals="0" coveredconditionals="0" statements="6" coveredstatements="6" elements="7" coveredelements="7"/>
        </class>
        <line num="15" type="method" name="generateIban" crap="3" count="1"/>
        <line num="17" type="stmt" count="1"/>
        <line num="18" type="stmt" count="1"/>
        <line num="19" type="stmt" count="1"/>
        <line num="20" type="stmt" count="1"/>
        <line num="21" type="stmt" count="1"/>
        <line num="23" type="stmt" count="1"/>
        <line num="26" type="stmt" count="1"/>
        <metrics loc="25" ncloc="16" classes="1" methods="1" coveredmethods="1" conditionals="0" coveredconditionals="0" statements="6" coveredstatements="6" elements="7" coveredelements="7"/>
      </file>
      <file name="/home/dennis/Projects/epg/Iban/library/IBAN/Rule/DE/Rule001001.php">
        <class name="Rule001001" namespace="IBAN\Rule\DE">
          <metrics methods="1" coveredmethods="1" conditionals="0" coveredconditionals="0" statements="7" coveredstatements="7" elements="8" coveredelements="8"/>
        </class>
        <line num="19" type="method" name="generateIban" crap="5" count="1"/>
        <line num="21" type="stmt" count="1"/>
        <line num="22" type="stmt" count="1"/>
        <line num="23" type="stmt" count="1"/>
        <line num="24" type="stmt" count="1"/>
        <line num="25" type="stmt" count="1"/>
        <line num="26" type="stmt" count="1"/>
        <line num="28" type="stmt" count="1"/>
        <line num="32" type="stmt" count="1"/>
        <metrics loc="31" ncloc="22" classes="1" methods="1" coveredmethods="1" conditionals="0" coveredconditionals="0" statements="7" coveredstatements="7" elements="8" coveredelements="8"/>
      </file>
      <file name="/home/dennis/Projects/epg/Iban/library/IBAN/Rule/DE/Rule001100.php">
        <class name="Rule001100" namespace="IBAN\Rule\DE">
          <metrics methods="0" coveredmethods="0" conditionals="0" coveredconditionals="0" statements="0" coveredstatements="0" elements="0" coveredelements="0"/>
        </class>
        <line num="20" type="stmt" count="1"/>
        <metrics loc="19" ncloc="10" classes="1" methods="0" coveredmethods="0" conditionals="0" coveredconditionals="0" statements="0" coveredstatements="0" elements="0" coveredelements="0"/>
      </file>
      <file name="/home/dennis/Projects/epg/Iban/library/IBAN/Rule/DE/Rule001200.php">
        <class name="Rule001200" namespace="IBAN\Rule\DE">
          <metrics methods="1" coveredmethods="1" conditionals="0" coveredconditionals="0" statements="2" coveredstatements="2" elements="3" coveredelements="3"/>
        </class>
        <line num="15" type="method" name="__construct" crap="1" count="1"/>
        <line num="17" type="stmt" count="1"/>
        <line num="18" type="stmt" count="1"/>
        <line num="20" type="stmt" count="1"/>
        <metrics loc="19" ncloc="10" classes="1" methods="1" coveredmethods="1" conditionals="0" coveredconditionals="0" statements="2" coveredstatements="2" elements="3" coveredelements="3"/>
      </file>
      <file name="/home/dennis/Projects/epg/Iban/library/IBAN/Rule/DE/Rule001201.php">
        <class name="Rule001201" namespace="IBAN\Rule\DE">
          <metrics methods="0" coveredmethods="0" conditionals="0" coveredconditionals="0" statements="0" coveredstatements="0" elements="0" coveredelements="0"/>
        </class>
        <line num="17" type="stmt" count="1"/>
        <metrics loc="16" ncloc="7" classes="1" methods="0" coveredmethods="0" conditionals="0" coveredconditionals="0" statements="0" coveredstatements="0" elements="0" coveredelements="0"/>
      </file>
      <file name="/home/dennis/Projects/epg/Iban/library/IBAN/Rule/DE/Rule001300.php">
        <class name="Rule001300" namespace="IBAN\Rule\DE">
          <metrics methods="1" coveredmethods="1" conditionals="0" coveredconditionals="0" statements="2" coveredstatements="2" elements="3" coveredelements="3"/>
        </class>
        <line num="15" type="method" name="__construct" crap="1" count="1"/>
        <line num="17" type="stmt" count="1"/>
        <line num="18" type="stmt" count="1"/>
        <line num="20" type="stmt" count="1"/>
        <metrics loc="19" ncloc="10" classes="1" methods="1" coveredmethods="1" conditionals="0" coveredconditionals="0" statements="2" coveredstatements="2" elements="3" coveredelements="3"/>
      </file>
      <file name="/home/dennis/Projects/epg/Iban/library/IBAN/Rule/DE/Rule001301.php">
        <class name="Rule001301" namespace="IBAN\Rule\DE">
          <metrics methods="0" coveredmethods="0" conditionals="0" coveredconditionals="0" statements="0" coveredstatements="0" elements="0" coveredelements="0"/>
        </class>
        <line num="17" type="stmt" count="1"/>
        <metrics loc="16" ncloc="7" classes="1" methods="0" coveredmethods="0" conditionals="0" coveredconditionals="0" statements="0" coveredstatements="0" elements="0" coveredelements="0"/>
      </file>
      <file name="/home/dennis/Projects/epg/Iban/library/IBAN/Rule/DE/Rule001400.php">
        <class name="Rule001400" namespace="IBAN\Rule\DE">
          <metrics methods="1" coveredmethods="1" conditionals="0" coveredconditionals="0" statements="2" coveredstatements="2" elements="3" coveredelements="3"/>
        </class>
        <line num="15" type="method" name="__construct" crap="1" count="1"/>
        <line num="17" type="stmt" count="1"/>
        <line num="18" type="stmt" count="1"/>
        <line num="20" type="stmt" count="1"/>
        <metrics loc="19" ncloc="10" classes="1" methods="1" coveredmethods="1" conditionals="0" coveredconditionals="0" statements="2" coveredstatements="2" elements="3" coveredelements="3"/>
      </file>
      <file name="/home/dennis/Projects/epg/Iban/library/IBAN/Rule/DE/Rule001501.php">
        <class name="Rule001501" namespace="IBAN\Rule\DE">
          <metrics methods="1" coveredmethods="1" conditionals="0" coveredconditionals="0" statements="2" coveredstatements="2" elements="3" coveredelements="3"/>
        </class>
        <line num="15" type="method" name="__construct" crap="1" count="1"/>
        <line num="17" type="stmt" count="1"/>
        <line num="18" type="stmt" count="1"/>
        <line num="35" type="stmt" count="1"/>
        <metrics loc="34" ncloc="25" classes="1" methods="1" coveredmethods="1" conditionals="0" coveredconditionals="0" statements="2" coveredstatements="2" elements="3" coveredelements="3"/>
      </file>
      <file name="/home/dennis/Projects/epg/Iban/library/IBAN/Rule/DE/Rule001600.php">
        <class name="Rule001600" namespace="IBAN\Rule\DE">
          <metrics methods="0" coveredmethods="0" conditionals="0" coveredconditionals="0" statements="0" coveredstatements="0" elements="0" coveredelements="0"/>
        </class>
        <line num="19" type="stmt" count="1"/>
        <metrics loc="18" ncloc="9" classes="1" methods="0" coveredmethods="0" conditionals="0" coveredconditionals="0" statements="0" coveredstatements="0" elements="0" coveredelements="0"/>
      </file>
      <file name="/home/dennis/Projects/epg/Iban/library/IBAN/Rule/DE/Rule001700.php">
        <class name="Rule001700" namespace="IBAN\Rule\DE">
          <metrics methods="0" coveredmethods="0" conditionals="0" coveredconditionals="0" statements="0" coveredstatements="0" elements="0" coveredelements="0"/>
        </class>
        <line num="28" type="stmt" count="1"/>
        <metrics loc="27" ncloc="18" classes="1" methods="0" coveredmethods="0" conditionals="0" coveredconditionals="0" statements="0" coveredstatements="0" elements="0" coveredelements="0"/>
      </file>
      <file name="/home/dennis/Projects/epg/Iban/library/IBAN/Rule/DE/Rule001800.php">
        <class name="Rule001800" namespace="IBAN\Rule\DE">
          <metrics methods="0" coveredmethods="0" conditionals="0" coveredconditionals="0" statements="0" coveredstatements="0" elements="0" coveredelements="0"/>
        </class>
        <line num="23" type="stmt" count="1"/>
        <metrics loc="22" ncloc="13" classes="1" methods="0" coveredmethods="0" conditionals="0" coveredconditionals="0" statements="0" coveredstatements="0" elements="0" coveredelements="0"/>
      </file>
      <file name="/home/dennis/Projects/epg/Iban/library/IBAN/Rule/DE/Rule001900.php">
        <class name="Rule001900" namespace="IBAN\Rule\DE">
          <metrics methods="1" coveredmethods="1" conditionals="0" coveredconditionals="0" statements="6" coveredstatements="6" elements="7" coveredelements="7"/>
        </class>
        <line num="15" type="method" name="generateIban" crap="4" count="1"/>
        <line num="17" type="stmt" count="1"/>
        <line num="18" type="stmt" count="1"/>
        <line num="19" type="stmt" count="1"/>
        <line num="20" type="stmt" count="1"/>
        <line num="21" type="stmt" count="1"/>
        <line num="23" type="stmt" count="1"/>
        <line num="26" type="stmt" count="1"/>
        <metrics loc="25" ncloc="16" classes="1" methods="1" coveredmethods="1" conditionals="0" coveredconditionals="0" statements="6" coveredstatements="6" elements="7" coveredelements="7"/>
      </file>
      <file name="/home/dennis/Projects/epg/Iban/library/IBAN/Rule/DE/Rule002002.php">
        <class name="Rule002002" namespace="IBAN\Rule\DE">
          <metrics methods="1" coveredmethods="1" conditionals="0" coveredconditionals="0" statements="14" coveredstatements="12" elements="15" coveredelements="13"/>
        </class>
        <line num="14" type="method" name="__construct" crap="5.07" count="2"/>
        <line num="18" type="stmt" count="2"/>
        <line num="20" type="stmt" count="2"/>
        <line num="21" type="stmt" count="0"/>
        <line num="22" type="stmt" count="0"/>
        <line num="26" type="stmt" count="2"/>
        <line num="27" type="stmt" count="1"/>
        <line num="28" type="stmt" count="1"/>
        <line num="30" type="stmt" count="2"/>
        <line num="32" type="stmt" count="2"/>
        <line num="33" type="stmt" count="2"/>
        <line num="34" type="stmt" count="2"/>
        <line num="35" type="stmt" count="2"/>
        <line num="37" type="stmt" count="2"/>
        <line num="38" type="stmt" count="2"/>
        <line num="40" type="stmt" count="1"/>
        <metrics loc="39" ncloc="25" classes="1" methods="1" coveredmethods="0" conditionals="0" coveredconditionals="0" statements="14" coveredstatements="12" elements="15" coveredelements="12"/>
      </file>
      <file name="/home/dennis/Projects/epg/Iban/library/IBAN/Rule/DE/Rule002100.php">
        <class name="Rule002100" namespace="IBAN\Rule\DE">
          <metrics methods="1" coveredmethods="1" conditionals="0" coveredconditionals="0" statements="2" coveredstatements="2" elements="3" coveredelements="3"/>
        </class>
        <line num="15" type="method" name="__construct" crap="1" count="1"/>
        <line num="17" type="stmt" count="1"/>
        <line num="18" type="stmt" count="1"/>
        <line num="20" type="stmt" count="1"/>
        <metrics loc="19" ncloc="10" classes="1" methods="1" coveredmethods="1" conditionals="0" coveredconditionals="0" statements="2" coveredstatements="2" elements="3" coveredelements="3"/>
      </file>
      <file name="/home/dennis/Projects/epg/Iban/library/IBAN/Rule/DE/Rule002101.php">
        <class name="Rule002101" namespace="IBAN\Rule\DE">
          <metrics methods="0" coveredmethods="0" conditionals="0" coveredconditionals="0" statements="0" coveredstatements="0" elements="0" coveredelements="0"/>
        </class>
        <line num="17" type="stmt" count="1"/>
        <metrics loc="16" ncloc="7" classes="1" methods="0" coveredmethods="0" conditionals="0" coveredconditionals="0" statements="0" coveredstatements="0" elements="0" coveredelements="0"/>
      </file>
      <file name="/home/dennis/Projects/epg/Iban/library/IBAN/Rule/DE/Rule002200.php">
        <class name="Rule002200" namespace="IBAN\Rule\DE">
          <metrics methods="0" coveredmethods="0" conditionals="0" coveredconditionals="0" statements="0" coveredstatements="0" elements="0" coveredelements="0"/>
        </class>
        <line num="19" type="stmt" count="1"/>
        <metrics loc="18" ncloc="9" classes="1" methods="0" coveredmethods="0" conditionals="0" coveredconditionals="0" statements="0" coveredstatements="0" elements="0" coveredelements="0"/>
      </file>
      <file name="/home/dennis/Projects/epg/Iban/library/IBAN/Rule/DE/Rule002300.php">
        <class name="Rule002300" namespace="IBAN\Rule\DE">
          <metrics methods="0" coveredmethods="0" conditionals="0" coveredconditionals="0" statements="0" coveredstatements="0" elements="0" coveredelements="0"/>
        </class>
        <line num="19" type="stmt" count="1"/>
        <metrics loc="18" ncloc="9" classes="1" methods="0" coveredmethods="0" conditionals="0" coveredconditionals="0" statements="0" coveredstatements="0" elements="0" coveredelements="0"/>
      </file>
      <file name="/home/dennis/Projects/epg/Iban/library/IBAN/Rule/DE/Rule002400.php">
        <class name="Rule002400" namespace="IBAN\Rule\DE">
          <metrics methods="0" coveredmethods="0" conditionals="0" coveredconditionals="0" statements="0" coveredstatements="0" elements="0" coveredelements="0"/>
        </class>
        <line num="22" type="stmt" count="1"/>
        <metrics loc="21" ncloc="12" classes="1" methods="0" coveredmethods="0" conditionals="0" coveredconditionals="0" statements="0" coveredstatements="0" elements="0" coveredelements="0"/>
      </file>
      <file name="/home/dennis/Projects/epg/Iban/library/IBAN/Rule/DE/Rule002500.php">
        <class name="Rule002500" namespace="IBAN\Rule\DE">
          <metrics methods="1" coveredmethods="1" conditionals="0" coveredconditionals="0" statements="2" coveredstatements="2" elements="3" coveredelements="3"/>
        </class>
        <line num="15" type="method" name="__construct" crap="1" count="1"/>
        <line num="17" type="stmt" count="1"/>
        <line num="18" type="stmt" count="1"/>
        <line num="20" type="stmt" count="1"/>
        <metrics loc="19" ncloc="10" classes="1" methods="1" coveredmethods="1" conditionals="0" coveredconditionals="0" statements="2" coveredstatements="2" elements="3" coveredelements="3"/>
      </file>
      <file name="/home/dennis/Projects/epg/Iban/library/IBAN/Rule/DE/Rule002600.php">
        <class name="Rule002600" namespace="IBAN\Rule\DE">
          <metrics methods="1" coveredmethods="1" conditionals="0" coveredconditionals="0" statements="4" coveredstatements="4" elements="5" coveredelements="5"/>
        </class>
        <line num="15" type="method" name="generateIban" crap="3" count="1"/>
        <line num="17" type="stmt" count="1"/>
        <line num="18" type="stmt" count="1"/>
        <line num="20" type="stmt" count="1"/>
        <line num="22" type="stmt" count="1"/>
        <line num="25" type="stmt" count="1"/>
        <metrics loc="24" ncloc="13" classes="1" methods="1" coveredmethods="1" conditionals="0" coveredconditionals="0" statements="4" coveredstatements="4" elements="5" coveredelements="5"/>
      </file>
      <file name="/home/dennis/Projects/epg/Iban/library/IBAN/Rule/DE/Rule002700.php">
        <class name="Rule002700" namespace="IBAN\Rule\DE">
          <metrics methods="1" coveredmethods="1" conditionals="0" coveredconditionals="0" statements="4" coveredstatements="4" elements="5" coveredelements="5"/>
        </class>
        <line num="15" type="method" name="generateIban" crap="3" count="1"/>
        <line num="17" type="stmt" count="1"/>
        <line num="18" type="stmt" count="1"/>
        <line num="20" type="stmt" count="1"/>
        <line num="22" type="stmt" count="1"/>
        <line num="25" type="stmt" count="1"/>
        <metrics loc="24" ncloc="13" classes="1" methods="1" coveredmethods="1" conditionals="0" coveredconditionals="0" statements="4" coveredstatements="4" elements="5" coveredelements="5"/>
      </file>
      <file name="/home/dennis/Projects/epg/Iban/library/IBAN/Rule/DE/Rule002800.php">
        <class name="Rule002800" namespace="IBAN\Rule\DE">
          <metrics methods="0" coveredmethods="0" conditionals="0" coveredconditionals="0" statements="0" coveredstatements="0" elements="0" coveredelements="0"/>
        </class>
        <line num="19" type="stmt" count="1"/>
        <metrics loc="18" ncloc="9" classes="1" methods="0" coveredmethods="0" conditionals="0" coveredconditionals="0" statements="0" coveredstatements="0" elements="0" coveredelements="0"/>
      </file>
      <file name="/home/dennis/Projects/epg/Iban/library/IBAN/Rule/DE/Rule002900.php">
        <class name="Rule002900" namespace="IBAN\Rule\DE">
          <metrics methods="1" coveredmethods="1" conditionals="0" coveredconditionals="0" statements="5" coveredstatements="5" elements="6" coveredelements="6"/>
        </class>
        <line num="15" type="method" name="generateIban" crap="2" count="1"/>
        <line num="17" type="stmt" count="1"/>
        <line num="18" type="stmt" count="1"/>
        <line num="19" type="stmt" count="1"/>
        <line num="20" type="stmt" count="1"/>
        <line num="22" type="stmt" count="1"/>
        <line num="25" type="stmt" count="1"/>
        <metrics loc="24" ncloc="15" classes="1" methods="1" coveredmethods="1" conditionals="0" coveredconditionals="0" statements="5" coveredstatements="5" elements="6" coveredelements="6"/>
      </file>
      <file name="/home/dennis/Projects/epg/Iban/library/IBAN/Rule/DE/Rule003000.php">
        <class name="Rule003000" namespace="IBAN\Rule\DE">
          <metrics methods="0" coveredmethods="0" conditionals="0" coveredconditionals="0" statements="0" coveredstatements="0" elements="0" coveredelements="0"/>
        </class>
        <metrics loc="16" ncloc="4" classes="1" methods="0" coveredmethods="0" conditionals="0" coveredconditionals="0" statements="0" coveredstatements="0" elements="0" coveredelements="0"/>
      </file>
      <file name="/home/dennis/Projects/epg/Iban/library/IBAN/Rule/DE/Rule003100.php">
        <class name="Rule003100" namespace="IBAN\Rule\DE">
          <metrics methods="1" coveredmethods="0" conditionals="0" coveredconditionals="0" statements="7" coveredstatements="0" elements="8" coveredelements="0"/>
        </class>
        <line num="15" type="method" name="generateIban" crap="6" count="0"/>
        <line num="16" type="stmt" count="0"/>
        <line num="17" type="stmt" count="0"/>
        <line num="18" type="stmt" count="0"/>
        <line num="19" type="stmt" count="0"/>
        <line num="21" type="stmt" count="0"/>
        <line num="22" type="stmt" count="0"/>
        <metrics loc="23" ncloc="15" classes="1" methods="1" coveredmethods="0" conditionals="0" coveredconditionals="0" statements="7" coveredstatements="0" elements="8" coveredelements="0"/>
      </file>
      <file name="/home/dennis/Projects/epg/Iban/library/IBAN/Rule/DE/Rule003101.php">
        <class name="Rule003101" namespace="IBAN\Rule\DE">
          <metrics methods="0" coveredmethods="0" conditionals="0" coveredconditionals="0" statements="0" coveredstatements="0" elements="0" coveredelements="0"/>
        </class>
        <metrics loc="17" ncloc="8" classes="1" methods="0" coveredmethods="0" conditionals="0" coveredconditionals="0" statements="0" coveredstatements="0" elements="0" coveredelements="0"/>
      </file>
      <file name="/home/dennis/Projects/epg/Iban/library/IBAN/Rule/DE/Rule003200.php">
        <class name="Rule003200" namespace="IBAN\Rule\DE">
          <metrics methods="1" coveredmethods="1" conditionals="0" coveredconditionals="0" statements="4" coveredstatements="3" elements="5" coveredelements="4"/>
        </class>
        <line num="14" type="method" name="generateIban" crap="3.14" count="1"/>
        <line num="16" type="stmt" count="1"/>
        <line num="17" type="stmt" count="1"/>
        <line num="18" type="stmt" count="0"/>
        <line num="21" type="stmt" count="1"/>
        <line num="24" type="stmt" count="1"/>
        <metrics loc="23" ncloc="15" classes="1" methods="1" coveredmethods="0" conditionals="0" coveredconditionals="0" statements="4" coveredstatements="3" elements="5" coveredelements="3"/>
      </file>
      <file name="/home/dennis/Projects/epg/Iban/library/IBAN/Rule/DE/Rule003300.php">
        <class name="Rule003300" namespace="IBAN\Rule\DE">
          <metrics methods="1" coveredmethods="1" conditionals="0" coveredconditionals="0" statements="6" coveredstatements="6" elements="7" coveredelements="7"/>
        </class>
        <line num="22" type="method" name="__construct" crap="3" count="1"/>
        <line num="24" type="stmt" count="1"/>
        <line num="25" type="stmt" count="1"/>
        <line num="26" type="stmt" count="1"/>
        <line num="27" type="stmt" count="1"/>
        <line num="29" type="stmt" count="1"/>
        <line num="30" type="stmt" count="1"/>
        <line num="32" type="stmt" count="1"/>
        <metrics loc="31" ncloc="23" classes="1" methods="1" coveredmethods="1" conditionals="0" coveredconditionals="0" statements="6" coveredstatements="6" elements="7" coveredelements="7"/>
      </file>
      <file name="/home/dennis/Projects/epg/Iban/library/IBAN/Rule/DE/Rule003301.php">
        <class name="Rule003301" namespace="IBAN\Rule\DE">
          <metrics methods="0" coveredmethods="0" conditionals="0" coveredconditionals="0" statements="0" coveredstatements="0" elements="0" coveredelements="0"/>
        </class>
        <line num="17" type="stmt" count="1"/>
        <metrics loc="16" ncloc="7" classes="1" methods="0" coveredmethods="0" conditionals="0" coveredconditionals="0" statements="0" coveredstatements="0" elements="0" coveredelements="0"/>
      </file>
      <file name="/home/dennis/Projects/epg/Iban/library/IBAN/Rule/DE/Rule003400.php">
        <class name="Rule003400" namespace="IBAN\Rule\DE">
          <metrics methods="1" coveredmethods="1" conditionals="0" coveredconditionals="0" statements="4" coveredstatements="4" elements="5" coveredelements="5"/>
        </class>
        <line num="19" type="method" name="generateIban" crap="3" count="1"/>
        <line num="21" type="stmt" count="1"/>
        <line num="22" type="stmt" count="1"/>
        <line num="23" type="stmt" count="1"/>
        <line num="26" type="stmt" count="1"/>
        <line num="29" type="stmt" count="1"/>
        <metrics loc="28" ncloc="20" classes="1" methods="1" coveredmethods="1" conditionals="0" coveredconditionals="0" statements="4" coveredstatements="4" elements="5" coveredelements="5"/>
      </file>
      <file name="/home/dennis/Projects/epg/Iban/library/IBAN/Rule/DE/Rule003500.php">
        <class name="Rule003500" namespace="IBAN\Rule\DE">
          <metrics methods="1" coveredmethods="1" conditionals="0" coveredconditionals="0" statements="4" coveredstatements="4" elements="5" coveredelements="5"/>
        </class>
        <line num="18" type="method" name="generateIban" crap="3" count="1"/>
        <line num="20" type="stmt" count="1"/>
        <line num="21" type="stmt" count="1"/>
        <line num="22" type="stmt" count="1"/>
        <line num="25" type="stmt" count="1"/>
        <line num="28" type="stmt" count="1"/>
        <metrics loc="27" ncloc="19" classes="1" methods="1" coveredmethods="1" conditionals="0" coveredconditionals="0" statements="4" coveredstatements="4" elements="5" coveredelements="5"/>
      </file>
      <file name="/home/dennis/Projects/epg/Iban/library/IBAN/Rule/DE/Rule003501.php">
        <class name="Rule003501" namespace="IBAN\Rule\DE">
          <metrics methods="0" coveredmethods="0" conditionals="0" coveredconditionals="0" statements="0" coveredstatements="0" elements="0" coveredelements="0"/>
        </class>
        <line num="16" type="stmt" count="1"/>
        <metrics loc="15" ncloc="7" classes="1" methods="0" coveredmethods="0" conditionals="0" coveredconditionals="0" statements="0" coveredstatements="0" elements="0" coveredelements="0"/>
      </file>
      <file name="/home/dennis/Projects/epg/Iban/library/IBAN/Rule/DE/Rule003600.php">
        <class name="Rule003600" namespace="IBAN\Rule\DE">
          <metrics methods="2" coveredmethods="2" conditionals="0" coveredconditionals="0" statements="15" coveredstatements="15" elements="17" coveredelements="17"/>
        </class>
        <line num="19" type="method" name="__construct" crap="2" count="1"/>
        <line num="21" type="stmt" count="1"/>
        <line num="22" type="stmt" count="1"/>
        <line num="23" type="stmt" count="1"/>
        <line num="25" type="stmt" count="1"/>
        <line num="26" type="stmt" count="1"/>
        <line num="28" type="method" name="generateIban" crap="14" count="1"/>
        <line num="30" type="stmt" count="1"/>
        <line num="31" type="stmt" count="1"/>
        <line num="32" type="stmt" count="1"/>
        <line num="33" type="stmt" count="1"/>
        <line num="34" type="stmt" count="1"/>
        <line num="35" type="stmt" count="1"/>
        <line num="36" type="stmt" count="1"/>
        <line num="37" type="stmt" count="1"/>
        <line num="38" type="stmt" count="1"/>
        <line num="41" type="stmt" count="1"/>
        <line num="44" type="stmt" count="1"/>
        <metrics loc="43" ncloc="35" classes="1" methods="2" coveredmethods="2" conditionals="0" coveredconditionals="0" statements="15" coveredstatements="15" elements="17" coveredelements="17"/>
      </file>
      <file name="/home/dennis/Projects/epg/Iban/library/IBAN/Rule/DE/Rule003700.php">
        <class name="Rule003700" namespace="IBAN\Rule\DE">
          <metrics methods="0" coveredmethods="0" conditionals="0" coveredconditionals="0" statements="0" coveredstatements="0" elements="0" coveredelements="0"/>
        </class>
        <line num="19" type="stmt" count="1"/>
        <metrics loc="18" ncloc="9" classes="1" methods="0" coveredmethods="0" conditionals="0" coveredconditionals="0" statements="0" coveredstatements="0" elements="0" coveredelements="0"/>
      </file>
      <file name="/home/dennis/Projects/epg/Iban/library/IBAN/Rule/DE/Rule003800.php">
        <class name="Rule003800" namespace="IBAN\Rule\DE">
          <metrics methods="0" coveredmethods="0" conditionals="0" coveredconditionals="0" statements="0" coveredstatements="0" elements="0" coveredelements="0"/>
        </class>
        <line num="21" type="stmt" count="1"/>
        <metrics loc="20" ncloc="11" classes="1" methods="0" coveredmethods="0" conditionals="0" coveredconditionals="0" statements="0" coveredstatements="0" elements="0" coveredelements="0"/>
      </file>
      <file name="/home/dennis/Projects/epg/Iban/library/IBAN/Rule/DE/Rule003900.php">
        <class name="Rule003900" namespace="IBAN\Rule\DE">
          <metrics methods="1" coveredmethods="0" conditionals="0" coveredconditionals="0" statements="4" coveredstatements="0" elements="5" coveredelements="0"/>
        </class>
        <line num="14" type="method" name="__construct" crap="2" count="0"/>
        <line num="15" type="stmt" count="0"/>
        <line num="16" type="stmt" count="0"/>
        <line num="17" type="stmt" count="0"/>
        <metrics loc="18" ncloc="10" classes="1" methods="1" coveredmethods="0" conditionals="0" coveredconditionals="0" statements="4" coveredstatements="0" elements="5" coveredelements="0"/>
      </file>
      <file name="/home/dennis/Projects/epg/Iban/library/IBAN/Rule/DE/Rule004001.php">
        <class name="Rule004001" namespace="IBAN\Rule\DE">
          <metrics methods="1" coveredmethods="1" conditionals="0" coveredconditionals="0" statements="2" coveredstatements="2" elements="3" coveredelements="3"/>
        </class>
        <line num="14" type="method" name="__construct" crap="1" count="1"/>
        <line num="16" type="stmt" count="1"/>
        <line num="17" type="stmt" count="1"/>
        <line num="19" type="stmt" count="1"/>
        <metrics loc="18" ncloc="10" classes="1" methods="1" coveredmethods="1" conditionals="0" coveredconditionals="0" statements="2" coveredstatements="2" elements="3" coveredelements="3"/>
      </file>
      <file name="/home/dennis/Projects/epg/Iban/library/IBAN/Rule/DE/Rule004100.php">
        <class name="Rule004100" namespace="IBAN\Rule\DE">
          <metrics methods="1" coveredmethods="1" conditionals="0" coveredconditionals="0" statements="3" coveredstatements="2" elements="4" coveredelements="3"/>
        </class>
        <line num="14" type="method" name="generateIban" crap="2.15" count="1"/>
        <line num="16" type="stmt" count="1"/>
        <line num="17" type="stmt" count="1"/>
        <line num="20" type="stmt" count="0"/>
        <line num="23" type="stmt" count="1"/>
        <metrics loc="22" ncloc="14" classes="1" methods="1" coveredmethods="0" conditionals="0" coveredconditionals="0" statements="3" coveredstatements="2" elements="4" coveredelements="2"/>
      </file>
      <file name="/home/dennis/Projects/epg/Iban/library/IBAN/Rule/DE/Rule004200.php">
        <class name="Rule004200" namespace="IBAN\Rule\DE">
          <metrics methods="1" coveredmethods="1" conditionals="0" coveredconditionals="0" statements="10" coveredstatements="10" elements="11" coveredelements="11"/>
        </class>
        <line num="14" type="method" name="generateIban" crap="9" count="1"/>
        <line num="16" type="stmt" count="1"/>
        <line num="18" type="stmt" count="1"/>
        <line num="19" type="stmt" count="1"/>
        <line num="20" type="stmt" count="1"/>
        <line num="23" type="stmt" count="1"/>
        <line num="24" type="stmt" count="1"/>
        <line num="27" type="stmt" count="1"/>
        <line num="28" type="stmt" count="1"/>
        <line num="29" type="stmt" count="1"/>
        <line num="32" type="stmt" count="1"/>
        <line num="35" type="stmt" count="1"/>
        <metrics loc="34" ncloc="26" classes="1" methods="1" coveredmethods="1" conditionals="0" coveredconditionals="0" statements="10" coveredstatements="10" elements="11" coveredelements="11"/>
      </file>
      <file name="/home/dennis/Projects/epg/Iban/library/IBAN/Rule/DE/Rule004300.php">
        <class name="Rule004300" namespace="IBAN\Rule\DE">
          <metrics methods="0" coveredmethods="0" conditionals="0" coveredconditionals="0" statements="0" coveredstatements="0" elements="0" coveredelements="0"/>
        </class>
        <line num="18" type="stmt" count="1"/>
        <metrics loc="17" ncloc="9" classes="1" methods="0" coveredmethods="0" conditionals="0" coveredconditionals="0" statements="0" coveredstatements="0" elements="0" coveredelements="0"/>
      </file>
      <file name="/home/dennis/Projects/epg/Iban/library/IBAN/Rule/DE/Rule004301.php">
        <class name="Rule004301" namespace="IBAN\Rule\DE">
          <metrics methods="0" coveredmethods="0" conditionals="0" coveredconditionals="0" statements="0" coveredstatements="0" elements="0" coveredelements="0"/>
        </class>
        <line num="23" type="stmt" count="1"/>
        <metrics loc="22" ncloc="6" classes="1" methods="0" coveredmethods="0" conditionals="0" coveredconditionals="0" statements="0" coveredstatements="0" elements="0" coveredelements="0"/>
      </file>
      <file name="/home/dennis/Projects/epg/Iban/library/IBAN/Rule/DE/Rule004400.php">
        <class name="Rule004400" namespace="IBAN\Rule\DE">
          <metrics methods="0" coveredmethods="0" conditionals="0" coveredconditionals="0" statements="0" coveredstatements="0" elements="0" coveredelements="0"/>
        </class>
        <line num="12" type="stmt" count="1"/>
        <metrics loc="11" ncloc="11" classes="1" methods="0" coveredmethods="0" conditionals="0" coveredconditionals="0" statements="0" coveredstatements="0" elements="0" coveredelements="0"/>
      </file>
      <file name="/home/dennis/Projects/epg/Iban/library/IBAN/Rule/DE/Rule004500.php">
        <class name="Rule004500" namespace="IBAN\Rule\DE">
          <metrics methods="0" coveredmethods="0" conditionals="0" coveredconditionals="0" statements="0" coveredstatements="0" elements="0" coveredelements="0"/>
        </class>
        <metrics loc="15" ncloc="5" classes="1" methods="0" coveredmethods="0" conditionals="0" coveredconditionals="0" statements="0" coveredstatements="0" elements="0" coveredelements="0"/>
      </file>
      <file name="/home/dennis/Projects/epg/Iban/library/IBAN/Rule/DE/Rule004600.php">
        <class name="Rule004600" namespace="IBAN\Rule\DE">
          <metrics methods="1" coveredmethods="1" conditionals="0" coveredconditionals="0" statements="2" coveredstatements="2" elements="3" coveredelements="3"/>
        </class>
        <line num="14" type="method" name="__construct" crap="1" count="1"/>
        <line num="16" type="stmt" count="1"/>
        <line num="17" type="stmt" count="1"/>
        <line num="19" type="stmt" count="1"/>
        <metrics loc="18" ncloc="10" classes="1" methods="1" coveredmethods="1" conditionals="0" coveredconditionals="0" statements="2" coveredstatements="2" elements="3" coveredelements="3"/>
      </file>
      <file name="/home/dennis/Projects/epg/Iban/library/IBAN/Rule/DE/Rule004700.php">
        <class name="Rule004700" namespace="IBAN\Rule\DE">
          <metrics methods="1" coveredmethods="1" conditionals="0" coveredconditionals="0" statements="5" coveredstatements="5" elements="6" coveredelements="6"/>
        </class>
        <line num="14" type="method" name="__construct" crap="2" count="1"/>
        <line num="16" type="stmt" count="1"/>
        <line num="17" type="stmt" count="1"/>
        <line num="18" type="stmt" count="1"/>
        <line num="20" type="stmt" count="1"/>
        <line num="21" type="stmt" count="1"/>
        <line num="23" type="stmt" count="1"/>
        <metrics loc="22" ncloc="14" classes="1" methods="1" coveredmethods="1" conditionals="0" coveredconditionals="0" statements="5" coveredstatements="5" elements="6" coveredelements="6"/>
      </file>
      <file name="/home/dennis/Projects/epg/Iban/library/IBAN/Rule/DE/Rule004800.php">
        <class name="Rule004800" namespace="IBAN\Rule\DE">
          <metrics methods="0" coveredmethods="0" conditionals="0" coveredconditionals="0" statements="0" coveredstatements="0" elements="0" coveredelements="0"/>
        </class>
        <line num="21" type="stmt" count="1"/>
        <metrics loc="20" ncloc="11" classes="1" methods="0" coveredmethods="0" conditionals="0" coveredconditionals="0" statements="0" coveredstatements="0" elements="0" coveredelements="0"/>
      </file>
      <file name="/home/dennis/Projects/epg/Iban/library/IBAN/Rule/DE/Rule004900.php">
        <class name="Rule004900" namespace="IBAN\Rule\DE">
          <metrics methods="1" coveredmethods="1" conditionals="0" coveredconditionals="0" statements="9" coveredstatements="8" elements="10" coveredelements="9"/>
        </class>
        <line num="22" type="method" name="generateIban" crap="5.03" count="1"/>
        <line num="24" type="stmt" count="1"/>
        <line num="25" type="stmt" count="0"/>
        <line num="26" type="stmt" count="1"/>
        <line num="27" type="stmt" count="1"/>
        <line num="28" type="stmt" count="1"/>
        <line num="29" type="stmt" count="1"/>
        <line num="30" type="stmt" count="1"/>
        <line num="31" type="stmt" count="1"/>
        <line num="33" type="stmt" count="1"/>
        <line num="36" type="stmt" count="1"/>
        <metrics loc="35" ncloc="26" classes="1" methods="1" coveredmethods="0" conditionals="0" coveredconditionals="0" statements="9" coveredstatements="8" elements="10" coveredelements="8"/>
      </file>
      <file name="/home/dennis/Projects/epg/Iban/library/IBAN/Rule/DE/Rule005000.php">
        <class name="Rule005000" namespace="IBAN\Rule\DE">
          <metrics methods="0" coveredmethods="0" conditionals="0" coveredconditionals="0" statements="0" coveredstatements="0" elements="0" coveredelements="0"/>
        </class>
        <metrics loc="18" ncloc="9" classes="1" methods="0" coveredmethods="0" conditionals="0" coveredconditionals="0" statements="0" coveredstatements="0" elements="0" coveredelements="0"/>
      </file>
      <file name="/home/dennis/Projects/epg/Iban/library/IBAN/Rule/DE/Rule005100.php">
        <class name="Rule005100" namespace="IBAN\Rule\DE">
          <metrics methods="0" coveredmethods="0" conditionals="0" coveredconditionals="0" statements="0" coveredstatements="0" elements="0" coveredelements="0"/>
        </class>
        <line num="22" type="stmt" count="1"/>
        <metrics loc="21" ncloc="12" classes="1" methods="0" coveredmethods="0" conditionals="0" coveredconditionals="0" statements="0" coveredstatements="0" elements="0" coveredelements="0"/>
      </file>
      <file name="/home/dennis/Projects/epg/Iban/library/IBAN/Rule/DE/Rule005200.php">
        <class name="Rule005200" namespace="IBAN\Rule\DE">
          <metrics methods="1" coveredmethods="1" conditionals="0" coveredconditionals="0" statements="19" coveredstatements="18" elements="20" coveredelements="19"/>
        </class>
        <line num="15" type="method" name="__construct" crap="2.00" count="1"/>
        <line num="19" type="stmt" count="1"/>
        <line num="20" type="stmt" count="1"/>
        <line num="21" type="stmt" count="1"/>
        <line num="22" type="stmt" count="1"/>
        <line num="23" type="stmt" count="1"/>
        <line num="24" type="stmt" count="1"/>
        <line num="25" type="stmt" count="1"/>
        <line num="26" type="stmt" count="1"/>
        <line num="27" type="stmt" count="1"/>
        <line num="28" type="stmt" count="1"/>
        <line num="30" type="stmt" count="1"/>
        <line num="31" type="stmt" count="1"/>
        <line num="32" type="stmt" count="1"/>
        <line num="33" type="stmt" count="1"/>
        <line num="34" type="stmt" count="1"/>
        <line num="36" type="stmt" count="1"/>
        <line num="37" type="stmt" count="1"/>
        <line num="38" type="stmt" count="0"/>
        <line num="40" type="stmt" count="1"/>
        <line num="42" type="stmt" count="1"/>
        <metrics loc="41" ncloc="32" classes="1" methods="1" coveredmethods="0" conditionals="0" coveredconditionals="0" statements="19" coveredstatements="18" elements="20" coveredelements="18"/>
      </file>
      <file name="/home/dennis/Projects/epg/Iban/library/IBAN/Rule/DE/Rule005300.php">
        <class name="Rule005300" namespace="IBAN\Rule\DE">
          <metrics methods="1" coveredmethods="1" conditionals="0" coveredconditionals="0" statements="54" coveredstatements="54" elements="55" coveredelements="55"/>
        </class>
        <line num="15" type="method" name="__construct" crap="2" count="1"/>
        <line num="19" type="stmt" count="1"/>
        <line num="20" type="stmt" count="1"/>
        <line num="21" type="stmt" count="1"/>
        <line num="22" type="stmt" count="1"/>
        <line num="23" type="stmt" count="1"/>
        <line num="24" type="stmt" count="1"/>
        <line num="25" type="stmt" count="1"/>
        <line num="26" type="stmt" count="1"/>
        <line num="27" type="stmt" count="1"/>
        <line num="28" type="stmt" count="1"/>
        <line num="29" type="stmt" count="1"/>
        <line num="30" type="stmt" count="1"/>
        <line num="31" type="stmt" count="1"/>
        <line num="32" type="stmt" count="1"/>
        <line num="33" type="stmt" count="1"/>
        <line num="34" type="stmt" count="1"/>
        <line num="35" type="stmt" count="1"/>
        <line num="36" type="stmt" count="1"/>
        <line num="37" type="stmt" count="1"/>
        <line num="38" type="stmt" count="1"/>
        <line num="39" type="stmt" count="1"/>
        <line num="40" type="stmt" count="1"/>
        <line num="41" type="stmt" count="1"/>
        <line num="42" type="stmt" count="1"/>
        <line num="43" type="stmt" count="1"/>
        <line num="44" type="stmt" count="1"/>
        <line num="45" type="stmt" count="1"/>
        <line num="46" type="stmt" count="1"/>
        <line num="47" type="stmt" count="1"/>
        <line num="48" type="stmt" count="1"/>
        <line num="49" type="stmt" count="1"/>
        <line num="50" type="stmt" count="1"/>
        <line num="51" type="stmt" count="1"/>
        <line num="52" type="stmt" count="1"/>
        <line num="53" type="stmt" count="1"/>
        <line num="54" type="stmt" count="1"/>
        <line num="55" type="stmt" count="1"/>
        <line num="56" type="stmt" count="1"/>
        <line num="57" type="stmt" count="1"/>
        <line num="58" type="stmt" count="1"/>
        <line num="59" type="stmt" count="1"/>
        <line num="60" type="stmt" count="1"/>
        <line num="61" type="stmt" count="1"/>
        <line num="62" type="stmt" count="1"/>
        <line num="63" type="stmt" count="1"/>
        <line num="64" type="stmt" count="1"/>
        <line num="66" type="stmt" count="1"/>
        <line num="67" type="stmt" count="1"/>
        <line num="68" type="stmt" count="1"/>
        <line num="69" type="stmt" count="1"/>
        <line num="70" type="stmt" count="1"/>
        <line num="71" type="stmt" count="1"/>
        <line num="73" type="stmt" count="1"/>
        <line num="74" type="stmt" count="1"/>
        <line num="76" type="stmt" count="1"/>
        <metrics loc="75" ncloc="66" classes="1" methods="1" coveredmethods="1" conditionals="0" coveredconditionals="0" statements="54" coveredstatements="54" elements="55" coveredelements="55"/>
      </file>
      <file name="/home/dennis/Projects/epg/Iban/library/IBAN/Rule/DE/Rule005400.php">
        <class name="Rule005400" namespace="IBAN\Rule\DE">
          <metrics methods="0" coveredmethods="0" conditionals="0" coveredconditionals="0" statements="0" coveredstatements="0" elements="0" coveredelements="0"/>
        </class>
        <metrics loc="72" ncloc="63" classes="1" methods="0" coveredmethods="0" conditionals="0" coveredconditionals="0" statements="0" coveredstatements="0" elements="0" coveredelements="0"/>
      </file>
      <file name="/home/dennis/Projects/epg/Iban/library/IBAN/Rule/DE/Rule005500.php">
        <class name="Rule005500" namespace="IBAN\Rule\DE">
          <metrics methods="1" coveredmethods="1" conditionals="0" coveredconditionals="0" statements="2" coveredstatements="2" elements="3" coveredelements="3"/>
        </class>
        <line num="15" type="method" name="__construct" crap="1" count="1"/>
        <line num="17" type="stmt" count="1"/>
        <line num="18" type="stmt" count="1"/>
        <line num="20" type="stmt" count="1"/>
        <metrics loc="19" ncloc="10" classes="1" methods="1" coveredmethods="1" conditionals="0" coveredconditionals="0" statements="2" coveredstatements="2" elements="3" coveredelements="3"/>
      </file>
      <file name="/home/dennis/Projects/epg/Iban/library/IBAN/Rule/DE/Rule005600.php">
        <class name="Rule005600" namespace="IBAN\Rule\DE">
          <metrics methods="0" coveredmethods="0" conditionals="0" coveredconditionals="0" statements="0" coveredstatements="0" elements="0" coveredelements="0"/>
        </class>
        <line num="53" type="stmt" count="1"/>
        <metrics loc="52" ncloc="43" classes="1" methods="0" coveredmethods="0" conditionals="0" coveredconditionals="0" statements="0" coveredstatements="0" elements="0" coveredelements="0"/>
      </file>
    </package>
    <package name="IBAN\Rule\Exception">
      <file name="/home/dennis/Projects/epg/Iban/library/IBAN/Rule/Exception/RuleNotYetImplementedException.php">
        <class name="RuleNotYetImplementedException" namespace="IBAN\Rule\Exception">
          <metrics methods="0" coveredmethods="0" conditionals="0" coveredconditionals="0" statements="0" coveredstatements="0" elements="0" coveredelements="0"/>
        </class>
        <metrics loc="15" ncloc="6" classes="1" methods="0" coveredmethods="0" conditionals="0" coveredconditionals="0" statements="0" coveredstatements="0" elements="0" coveredelements="0"/>
      </file>
      <file name="/home/dennis/Projects/epg/Iban/library/IBAN/Rule/Exception/UnknownRuleException.php">
        <class name="UnknownRuleException" namespace="IBAN\Rule\Exception">
          <metrics methods="0" coveredmethods="0" conditionals="0" coveredconditionals="0" statements="0" coveredstatements="0" elements="0" coveredelements="0"/>
        </class>
        <metrics loc="15" ncloc="6" classes="1" methods="0" coveredmethods="0" conditionals="0" coveredconditionals="0" statements="0" coveredstatements="0" elements="0" coveredelements="0"/>
      </file>
    </package>
    <package name="IBAN\Rule\MT">
      <file name="/home/dennis/Projects/epg/Iban/library/IBAN/Rule/MT/Rule000000.php">
        <class name="Rule000000" namespace="IBAN\Rule\MT">
          <metrics methods="15" coveredmethods="13" conditionals="0" coveredconditionals="0" statements="47" coveredstatements="37" elements="62" coveredelements="50"/>
        </class>
        <line num="25" type="method" name="__construct" crap="1" count="1"/>
        <line num="27" type="stmt" count="1"/>
        <line num="28" type="stmt" count="1"/>
        <line num="29" type="stmt" count="1"/>
        <line num="30" type="stmt" count="1"/>
        <line num="32" type="method" name="generateIban" crap="1" count="1"/>
        <line num="34" type="stmt" count="1"/>
        <line num="35" type="stmt" count="1"/>
        <line num="36" type="stmt" count="1"/>
        <line num="37" type="stmt" count="1"/>
        <line num="38" type="stmt" count="1"/>
        <line num="40" type="stmt" count="1"/>
        <line num="41" type="stmt" count="1"/>
        <line num="44" type="method" name="getNumericRepresentation" crap="3" count="1"/>
        <line num="46" type="stmt" count="1"/>
        <line num="47" type="stmt" count="1"/>
        <line num="48" type="stmt" count="1"/>
        <line num="49" type="stmt" count="1"/>
        <line num="50" type="stmt" count="1"/>
        <line num="51" type="stmt" count="1"/>
        <line num="53" type="stmt" count="1"/>
        <line num="55" type="stmt" count="1"/>
        <line num="58" type="method" name="generateChecksum" crap="2.15" count="1"/>
        <line num="60" type="stmt" count="1"/>
        <line num="61" type="stmt" count="1"/>
        <line num="62" type="stmt" count="1"/>
        <line num="63" type="stmt" count="0"/>
        <line num="64" type="stmt" count="0"/>
        <line num="66" type="stmt" count="1"/>
        <line num="69" type="method" name="instituteIdentificationEquals" crap="2" count="0"/>
        <line num="71" type="stmt" count="0"/>
        <line num="72" type="stmt" count="0"/>
        <line num="75" type="method" name="bankAccountNumberEquals" crap="2" count="0"/>
        <line num="77" type="stmt" count="0"/>
        <line num="78" type="stmt" count="0"/>
        <line num="81" type="method" name="getLocalCodeNormalizePrefix" crap="1" count="1"/>
        <line num="83" type="stmt" count="1"/>
        <line num="86" type="method" name="getInstituteIdentificationLength" crap="1" count="1"/>
        <line num="88" type="stmt" count="1"/>
        <line num="91" type="method" name="getBankAccountNumberLength" crap="1" count="1"/>
        <line num="93" type="stmt" count="1"/>
        <line num="96" type="method" name="getInvertedIban" crap="1" count="1"/>
        <line num="98" type="stmt" count="1"/>
        <line num="99" type="stmt" count="1"/>
        <line num="102" type="method" name="normalizeLocaleCode" crap="1" count="1"/>
        <line num="104" type="stmt" count="1"/>
        <line num="107" type="method" name="normalizeInstituteIdentification" crap="1" count="1"/>
        <line num="109" type="stmt" count="1"/>
        <line num="110" type="stmt" count="1"/>
        <line num="113" type="method" name="normalizeBankAccountNumber" crap="1" count="1"/>
        <line num="115" type="stmt" count="1"/>
        <line num="116" type="stmt" count="1"/>
        <line num="119" type="method" name="substituteInstituteIdentifications" crap="2.50" count="1"/>
        <line num="121" type="stmt" count="1"/>
        <line num="122" type="stmt" count="0"/>
        <line num="123" type="stmt" count="0"/>
        <line num="124" type="stmt" count="1"/>
        <line num="126" type="method" name="substituteBankAccountNumbers" crap="2.50" count="1"/>
        <line num="128" type="stmt" count="1"/>
        <line num="129" type="stmt" count="0"/>
        <line num="130" type="stmt" count="0"/>
        <line num="131" type="stmt" count="1"/>
        <line num="133" type="stmt" count="1"/>
        <metrics loc="132" ncloc="123" classes="1" methods="15" coveredmethods="10" conditionals="0" coveredconditionals="0" statements="47" coveredstatements="37" elements="62" coveredelements="47"/>
      </file>
    </package>
    <package name="IBAN\Rule\NL">
      <file name="/home/dennis/Projects/epg/Iban/library/IBAN/Rule/NL/Rule000000.php">
        <class name="Rule000000" namespace="IBAN\Rule\NL">
          <metrics methods="15" coveredmethods="13" conditionals="0" coveredconditionals="0" statements="47" coveredstatements="39" elements="62" coveredelements="52"/>
        </class>
        <line num="25" type="method" name="__construct" crap="1" count="1"/>
        <line num="27" type="stmt" count="1"/>
        <line num="28" type="stmt" count="1"/>
        <line num="29" type="stmt" count="1"/>
        <line num="30" type="stmt" count="1"/>
        <line num="32" type="method" name="generateIban" crap="1" count="1"/>
        <line num="34" type="stmt" count="1"/>
        <line num="35" type="stmt" count="1"/>
        <line num="36" type="stmt" count="1"/>
        <line num="37" type="stmt" count="1"/>
        <line num="38" type="stmt" count="1"/>
        <line num="40" type="stmt" count="1"/>
        <line num="41" type="stmt" count="1"/>
        <line num="44" type="method" name="getNumericRepresentation" crap="3" count="1"/>
        <line num="46" type="stmt" count="1"/>
        <line num="47" type="stmt" count="1"/>
        <line num="48" type="stmt" count="1"/>
        <line num="49" type="stmt" count="1"/>
        <line num="50" type="stmt" count="1"/>
        <line num="51" type="stmt" count="1"/>
        <line num="53" type="stmt" count="1"/>
        <line num="55" type="stmt" count="1"/>
        <line num="58" type="method" name="generateChecksum" crap="2" count="1"/>
        <line num="60" type="stmt" count="1"/>
        <line num="61" type="stmt" count="1"/>
        <line num="62" type="stmt" count="1"/>
        <line num="63" type="stmt" count="1"/>
        <line num="64" type="stmt" count="1"/>
        <line num="66" type="stmt" count="1"/>
        <line num="69" type="method" name="instituteIdentificationEquals" crap="2" count="0"/>
        <line num="71" type="stmt" count="0"/>
        <line num="72" type="stmt" count="0"/>
        <line num="75" type="method" name="bankAccountNumberEquals" crap="2" count="0"/>
        <line num="77" type="stmt" count="0"/>
        <line num="78" type="stmt" count="0"/>
        <line num="81" type="method" name="getLocalCodeNormalizePrefix" crap="1" count="1"/>
        <line num="83" type="stmt" count="1"/>
        <line num="86" type="method" name="getInstituteIdentificationLength" crap="1" count="1"/>
        <line num="88" type="stmt" count="1"/>
        <line num="91" type="method" name="getBankAccountNumberLength" crap="1" count="1"/>
        <line num="93" type="stmt" count="1"/>
        <line num="96" type="method" name="getInvertedIban" crap="1" count="1"/>
        <line num="98" type="stmt" count="1"/>
        <line num="99" type="stmt" count="1"/>
        <line num="102" type="method" name="normalizeLocaleCode" crap="1" count="1"/>
        <line num="104" type="stmt" count="1"/>
        <line num="107" type="method" name="normalizeInstituteIdentification" crap="1" count="1"/>
        <line num="109" type="stmt" count="1"/>
        <line num="110" type="stmt" count="1"/>
        <line num="113" type="method" name="normalizeBankAccountNumber" crap="1" count="1"/>
        <line num="115" type="stmt" count="1"/>
        <line num="116" type="stmt" count="1"/>
        <line num="119" type="method" name="substituteInstituteIdentifications" crap="2.50" count="1"/>
        <line num="121" type="stmt" count="1"/>
        <line num="122" type="stmt" count="0"/>
        <line num="123" type="stmt" count="0"/>
        <line num="124" type="stmt" count="1"/>
        <line num="126" type="method" name="substituteBankAccountNumbers" crap="2.50" count="1"/>
        <line num="128" type="stmt" count="1"/>
        <line num="129" type="stmt" count="0"/>
        <line num="130" type="stmt" count="0"/>
        <line num="131" type="stmt" count="1"/>
        <line num="133" type="stmt" count="1"/>
        <metrics loc="132" ncloc="123" classes="1" methods="15" coveredmethods="11" conditionals="0" coveredconditionals="0" statements="47" coveredstatements="39" elements="62" coveredelements="50"/>
      </file>
    </package>
    <file name="/home/dennis/Projects/epg/Iban/library/IBAN/Rule/RuleFactoryInterface.php">
      <line num="17" type="stmt" count="1"/>
      <metrics loc="16" ncloc="7" classes="0" methods="0" coveredmethods="0" conditionals="0" coveredconditionals="0" statements="0" coveredstatements="0" elements="0" coveredelements="0"/>
    </file>
    <package name="IBAN\Validation">
      <file name="/home/dennis/Projects/epg/Iban/library/IBAN/Validation/IBANValidator.php">
        <class name="IBANValidator" namespace="IBAN\Validation">
          <metrics methods="1" coveredmethods="1" conditionals="0" coveredconditionals="0" statements="2" coveredstatements="2" elements="3" coveredelements="3"/>
        </class>
        <line num="15" type="method" name="validate" crap="1" count="1"/>
        <line num="17" type="stmt" count="1"/>
        <line num="19" type="stmt" count="1"/>
        <line num="22" type="stmt" count="1"/>
        <metrics loc="21" ncloc="12" classes="1" methods="1" coveredmethods="1" conditionals="0" coveredconditionals="0" statements="2" coveredstatements="2" elements="3" coveredelements="3"/>
      </file>
    </package>
    <metrics files="79" loc="2796" ncloc="2069" classes="78" methods="115" coveredmethods="93" conditionals="0" coveredconditionals="0" statements="717" coveredstatements="654" elements="832" coveredelements="747"/>
  </project>
</coverage>
